--- request header ---
GET /ws/ HTTP/1.1
Upgrade: websocket
Connection: Upgrade
Host: ws.cex.io
Origin: http://ws.cex.io
Sec-WebSocket-Key: 7fyhlcEsEuTSjW+8DlGH1w==
Sec-WebSocket-Version: 13


-----------------------
--- response header ---
HTTP/1.1 101 Switching Protocols
Date: Thu, 20 Jul 2017 05:28:32 GMT
Connection: upgrade
Set-Cookie: __cfduid=dc4a7d1d2cfa580464a237024640325a81500528511; expires=Fri, 20-Jul-18 05:28:31 GMT; path=/; domain=.cex.io; HttpOnly
Upgrade: websocket
Sec-WebSocket-Accept: 5nbqM8235dwiPgONiBSdYPKfEH8=
Server: cloudflare-nginx
CF-RAY: 3813847deed878da-LAX
-----------------------
send: '\x81\x8c\xd9\x81 <\xa2\xa3E\x1e\xe3\xa3PS\xb7\xe6\x02A'
send: '\x81\x8c}\xcb\x01\xab\x06\xe9d\x89G\xe9q\xc4\x13\xac#\xd6'
send: '\x81\x8c\xbaF\x07\x03\xc1db!\x80dwl\xd4!%~'
send: '\x81\x8c\x17\\ Jl~Eh-~P%y;\x027'
send: '\x81\x8c\x07\x07\xf6*|%\x93\x08=%\x86Ei`\xd4W'
send: '\x81\x8c\xc3\xcb\xf3\xfa\xb8\xe9\x96\xd8\xf9\xe9\x83\x95\xad\xac\xd1\x87'
send: '\x81\x8c\xda\xd8~\x8d\xa1\xfa\x1b\xaf\xe0\xfa\x0e\xe2\xb4\xbf\\\xf0'
send: '\x81\x8c_\x94f\x16$\xb6\x034e\xb6\x16y1\xf3Dk'
send: '\x81\x8c\x84\x80\xf3L\xff\xa2\x96n\xbe\xa2\x83#\xea\xe7\xd11'
send: "\x81\x8c\x16'\xba!m\x05\xdf\x03,\x05\xcaNx@\x98\\"
send: "\x81\x8c'YJ\xdb\\{/\xf9\x1d{:\xb4I>h\xa6"
send: '\x81\x8c\xc15\xe8\xa4\xba\x17\x8d\x86\xfb\x17\x98\xcb\xafR\xca\xd9'
send: '\x81\x8c~ \ty\x05\x02l[D\x02y\x16\x10G+\x04'
send: '\x81\x8c\xfd\xa0\x95\xdf\x86\x82\xf0\xfd\xc7\x82\xe5\xb0\x93\xc7\xb7\xa2'
send: '\x81\x8c\x19\xdfijb\xfd\x0cH#\xfd\x19\x05w\xb8K\x17'
send: '\x81\x8ct-\xa0\xe6\x0f\x0f\xc5\xc4N\x0f\xd0\x89\x1aJ\x82\x9b'
send: '\x81\x8cL\xe5\x10\xba7\xc7u\x98v\xc7`\xd5"\x822\xc7'
send: '\x81\x8c\xd3\x86\xd8@\xa8\xa4\xbdb\xe9\xa4\xa8/\xbd\xe1\xfa='
send: '\x81\x8cQ\xc91X*\xebTzk\xebA7?\xae\x13%'
send: '\x81\x8cR+\x03\xb7)\tf\x95h\ts\xd8<L!\xca'
send: '\x81\x8c\xbf\x15\x12i\xc47wK\x857b\x06\xd1r0\x14'
send: '\x81\x8cC|\xbd\xfc8^\xd8\xdey^\xcd\x93-\x1b\x9f\x81'
send: '\x81\x8c\xfb\xdb\x9f\xd3\x80\xf9\xfa\xf1\xc1\xf9\xef\xbc\x95\xbc\xbd\xae'
send: '\x81\x8c\x91\xb7\x14\xe4\xea\x95q\xc6\xab\x95d\x8b\xff\xd06\x99'
send: '\x81\x8cRd1\xf4)FT\xd6hFA\x9b<\x03\x13\x89'
send: "\x81\x8c\x9a\xe6\xe3H\xe1\xc4\x86j\xa0\xc4\x93'\xf4\x81\xc15"
send: '\x81\x8c>u\xd23EW\xb7\x11\x04W\xa2\\P\x12\xf0N'
send: '\x81\x8c\xacNm\xbe\xd7l\x08\x9c\x96l\x1d\xd1\xc2)O\xc3'
send: '\x81\x8c,\xf3\xe3IW\xd1\x86k\x16\xd1\x93&B\x94\xc14'
send: '\x81\x8cs:\xea*\x08\x18\x8f\x08I\x18\x9aE\x1d]\xc8W'
send: '\x81\x8c\xe9A\xc0\x9b\x92c\xa5\xb9\xd3c\xb0\xf4\x87&\xe2\xe6'
send: '\x81\x8cd\x07\xadg\x1f%\xc8E^%\xdd\x08\n`\x8f\x1a'
send: '\x81\x8c6\x15\x02WM7gu\x0c7r8Xr *'
send: '\x81\x8cY\xa9\xcf\xcc"\x8b\xaa\xeec\x8b\xbf\xa37\xce\xed\xb1'
send: '\x81\x8c\x92\xe1F\xc4\xe9\xc3#\xe6\xa8\xc36\xab\xfc\x86d\xb9'
send: '\x81\x8c\xfe\xa9\xaf^\x85\x8b\xca|\xc4\x8b\xdf1\x90\xce\x8d#'
send: '\x81\x8c\xf31Au\x88\x13$W\xc9\x131\x1a\x9dVc\x08'
send: '\x81\x8c6\xffZ,M\xdd?\x0e\x0c\xdd*CX\x98xQ'
send: '\x81\x8c\xd7]m\x01\xac\x7f\x08#\xed\x7f\x1dn\xb9:O|'
send: '\x81\x8c!\x81\x11\x03Z\xa3t!\x1b\xa3alO\xe63~'
send: '\x81\x8c)c\xf9\xeeRA\x9c\xcc\x13A\x89\x81G\x04\xdb\x93'
send: '\x81\x8c\xae}\x96>\xd5_\xf3\x1c\x94_\xe6Q\xc0\x1a\xb4C'
send: '\x81\x8c2\x15\xafbI7\xca@\x087\xdf\r\\r\x8d\x1f'
send: '\x81\x8c\xff\xc7yR\x84\xe5\x1cp\xc5\xe5\t=\x91\xa0[/'
send: '\x81\x8c4\x07_qO%:S\x0e%/\x1eZ`}\x0c'
send: '\x81\x8c(\xa3\xa6\xc2S\x81\xc3\xe0\x12\x81\xd6\xadF\xc4\x84\xbf'
send: '\x81\x8c\xedbf\xe6\x96@\x03\xc4\xd7@\x16\x89\x83\x05D\x9b'
send: '\x81\x8cjd\x03\x80\x11Ff\xa2PFs\xef\x04\x03!\xfd'
send: '\x81\x8c"\xda\xd6\x8cY\xf8\xb3\xae\x18\xf8\xa6\xe3L\xbd\xf4\xf1'
send: "\x81\x8c\xf5\x05m!\x8e'\x08\x03\xcf'\x1dN\x9bbO\\"
send: '\x81\x8cEX\x1fU>zzw\x7fzo:+?=('
send: '\x81\x8c\x9a\x1bVO\xe193m\xa09& \xf4|t2'
send: '\x81\x8c\xe2\x88|m\x99\xaa\x19O\xd8\xaa\x0c\x02\x8c\xef^\x10'
send: '\x81\x8cA\x04O\xf5:&*\xd7{&?\x9a/cm\x88'
send: '\x81\x8c\xb7\x17X\xb3\xcc5=\x91\x8d5(\xdc\xd9pz\xce'
send: '\x81\x8c\xc18M\xe7\xba\x1a(\xc5\xfb\x1a=\x88\xaf_o\x9a'
send: "\x81\x8c\xb8'{3\xc3\x05\x1e\x11\x82\x05\x0b\\\xd6@YN"
send: '\x81\x8c\xb3V\x0c\xab\xc8ti\x89\x89t|\xc4\xdd1.\xd6'
send: '\x81\x8c\n\x1e\xf7uq<\x92W0<\x87\x1ady\xd5\x08'
send: '\x81\x8c{\xf9\x0c0\x00\xdbi\x12A\xdb|_\x15\x9e.M'
send: '\x81\x8c\xa26t\x91\xd9\x14\x11\xb3\x98\x14\x04\xfe\xccQV\xec'
send: '\x81\x8cn\x07+h\x15%NJT%[\x07\x00`\t\x15'
send: '\x81\x8c\xd8K\xfc\x03\xa3i\x99!\xe2i\x8cl\xb6,\xde~'
send: '\x81\x8c7\x93\x90oL\xb1\xf5M\r\xb1\xe0\x00Y\xf4\xb2\x12'
send: '\x81\x8c\x11\xd9[\xa8j\xfb>\x8a+\xfb+\xc7\x7f\xbey\xd5'
send: '\x81\x8c\xb4\x9d\xcdx\xcf\xbf\xa8Z\x8e\xbf\xbd\x17\xda\xfa\xef\x05'
send: '\x81\x8cd\xf8\x90\x12\x1f\xda\xf50^\xda\xe0}\n\x9f\xb2o'
send: '\x81\x8c\x16N\x87\x9eml\xe2\xbc,l\xf7\xf1x)\xa5\xe3'
send: '\x81\x8c#\xda\x7f7X\xf8\x1a\x15\x19\xf8\x0fXM\xbd]J'
send: '\x81\x8c\x10"j\x99k\x00\x0f\xbb*\x00\x1a\xf6~EH\xe4'
send: '\x81\x8c\x8c\x1d\x8de\xf7?\xe8G\xb6?\xfd\n\xe2z\xaf\x18'
send: '\x81\x8c\xf74\xa9\xe9\x8c\x16\xcc\xcb\xcd\x16\xd9\x86\x99S\x8b\x94'
send: "\x81\x8c\\\x99\x99\xa6'\xbb\xfc\x84f\xbb\xe9\xc92\xfe\xbb\xdb"
send: '\x81\x8c\xca\xadf\xc5\xb1\x8f\x03\xe7\xf0\x8f\x16\xaa\xa4\xcaD\xb8'
send: '\x81\x8c\x8a\xec\x9a/\xf1\xce\xff\r\xb0\xce\xea@\xe4\x8b\xb8R'
send: '\x81\x8cX"\t\xe5#\x00l\xc7b\x00y\x8a6E+\x98'
send: '\x81\x8c\x90\xf7\xdd\x03\xeb\xd5\xb8!\xaa\xd5\xadl\xfe\x90\xff~'
send: "\x81\x8c\x8e\x86YZ\xf5\xa4<x\xb4\xa4)5\xe0\xe1{'"
send: '\x81\x8cx\x11\xe7\xcb\x033\x82\xe9B3\x97\xa4\x16v\xc5\xb6'
send: '\x81\x8c\x98\x84\x89\x01\xe3\xa6\xec#\xa2\xa6\xf9n\xf6\xe3\xab|'
send: '\x81\x8c\x0c.\x1f\xe6w\x0cz\xc46\x0co\x89bI=\x9b'
send: '\x81\x8c\xc3)\no\xb8\x0boM\xf9\x0bz\x00\xadN(\x12'
send: '\x81\x8c\xe4*) \x9f\x08L\x02\xde\x08YO\x8aM\x0b]'
send: '\x81\x8c\xcd*\\\xfb\xb6\x089\xd9\xf7\x08,\x94\xa3M~\x86'
send: '\x81\x8c\xfe\xb2\xbf\x1f\x85\x90\xda=\xc4\x90\xcfp\x90\xd5\x9db'
send: '\x81\x8cO\xca\xfd&4\xe8\x98\x04u\xe8\x8dI!\xad\xdf['
send: '\x81\x8c\xd3\x14\x92\xdd\xa86\xf7\xff\xe96\xe2\xb2\xbds\xb0\xa0'
send: '\x81\x8cU\x00\xf1\x89."\x94\xabo"\x81\xe6;g\xd3\xf4'
send: '\x81\x8c\x88&\x8f\x9c\xf3\x04\xea\xbe\xb2\x04\xff\xf3\xe6A\xad\xe1'
send: '\x81\x8c\xe8\xae~2\x93\x8c\x1b\x10\xd2\x8c\x0e]\x86\xc9\\O'
send: '\x81\x8c-\x8f%\x8fV\xad@\xad\x17\xadU\xe0C\xe8\x07\xf2'
send: '\x81\x8cnY\xa3\xc3\x15{\xc6\xe1T{\xd3\xac\x00>\x81\xbe'
send: '\x81\x8c\xf9\xd6:M\x82\xf4_o\xc3\xf4J"\x97\xb1\x180'
send: '\x81\x8c\x90\xfa\x1e\xa2\xeb\xd8{\x80\xaa\xd8n\xcd\xfe\x9d<\xdf'
send: '\x81\x8c\xf2\x02[\x96\x89 >\xb4\xc8 +\xf9\x9cey\xeb'
send: '\x81\x8c\x9a\xf4C\xd0\xe1\xd6&\xf2\xa0\xd63\xbf\xf4\x93a\xad'
send: '\x81\x8c\xa9\x1ds\xb2\xd2?\x16\x90\x93?\x03\xdd\xc7zQ\xcf'
send: '\x81\x8c\xfb\x9a\x18\xde\x80\xb8}\xfc\xc1\xb8h\xb1\x95\xfd:\xa3'
send: '\x81\x8cr\xb5\xa7\x04\t\x97\xc2&H\x97\xd7k\x1c\xd2\x85y'
send: '\x81\x8ca\xf6\xb5\xbb\x1a\xd4\xd0\x99[\xd4\xc5\xd4\x0f\x91\x97\xc6'
send: '\x81\x8c\xddw\x97J\xa6U\xf2h\xe7U\xe7%\xb3\x10\xb57'
send: '\x81\x8c)\x81\xacKR\xa3\xc9i\x13\xa3\xdc$G\xe6\x8e6'
send: '\x81\x8c0?\xd6<K\x1d\xb3\x1e\n\x1d\xa6S^X\xf4A'
send: '\x81\x8c\xce\xb3\xfcW\xb5\x91\x99u\xf4\x91\x8c8\xa0\xd4\xde*'
send: "\x81\x8c\xda\xad\xcbH\xa1\x8f\xaej\xe0\x8f\xbb'\xb4\xca\xe95"
send: '\x81\x8c=w\xdd\tFU\xb8+\x07U\xadfS\x10\xfft'
send: '\x81\x8cj\x83AV\x11\xa1$tP\xa119\x04\xe4c+'
send: '\x81\x8cSj9h(H\\JiHI\x07=\r\x1b\x15'
send: '\x81\x8c t02[VU\x10\x1aV@]N\x13\x12O'
send: '\x81\x8c\x12%}\xc1i\x07\x18\xe3(\x07\r\xae|B_\xbc'
send: '\x81\x8c\xde\xd1\xc7\x00\xa5\xf3\xa2"\xe4\xf3\xb7o\xb0\xb6\xe5}'
send: '\x81\x8c\xfd\xfbn\x18\x86\xd9\x0b:\xc7\xd9\x1ew\x93\x9cLe'
send: '\x81\x8c\xd6?{\x9f\xad\x1d\x1e\xbd\xec\x1d\x0b\xf0\xb8XY\xe2'
send: '\x81\x8c\x1b\x95\xcf\xb3`\xb7\xaa\x91!\xb7\xbf\xdcu\xf2\xed\xce'
send: '\x81\x8c~\xfa\xa3E\x05\xd8\xc6gD\xd8\xd3*\x10\x9d\x818'
send: '\x81\x8c\x94\xaby;\xef\x89\x1c\x19\xae\x89\tT\xfa\xcc[F'
send: '\x81\x8c\xcfKa\x1b\xb4i\x049\xf5i\x11t\xa1,Cf'
send: '\x81\x8c\'\x17\xcf_\\5\xaa}\x1d5\xbf0Ip\xed"'
send: "\x81\x8c\\/\x19@'\r|bf\ri/2H;="
send: '\x81\x8c\xd2A\xff\x98\xa9c\x9a\xba\xe8c\x8f\xf7\xbc&\xdd\xe5'
send: '\x81\x8c+N\x93\x8dPl\xf6\xaf\x11l\xe3\xe2E)\xb1\xf0'
send: '\x81\x8cH\x1b\x83\xff39\xe6\xddr9\xf3\x90&|\xa1\x82'
send: '\x81\x8cE~\x0f5>\\j\x17\x7f\\\x7fZ+\x19-H'
send: '\x81\x8c\t\x82\xf3xr\xa0\x96Z3\xa0\x83\x17g\xe5\xd1\x05'
send: '\x81\x8cM\x14b\xcb66\x07\xe9w6\x12\xa4#s@\xb6'
send: '\x81\x8cW\xe3\xcc\x1f,\xc1\xa9=m\xc1\xbcp9\x84\xeeb'
send: '\x81\x8cr\xbc\xec\x98\t\x9e\x89\xbaH\x9e\x9c\xf7\x1c\xdb\xce\xe5'
send: '\x81\x8ce\x03$\xd8\x1e!A\xfa_!T\xb7\x0bd\x06\xa5'
send: '\x81\x8c\xdb\xa3\xe6\xc6\xa0\x81\x83\xe4\xe1\x81\x96\xa9\xb5\xc4\xc4\xbb'
send: '\x81\x8c\xbb}]\x8c\xc0_8\xae\x81_-\xe3\xd5\x1a\x7f\xf1'
send: '\x81\x8c\xc7\xda=\x13\xbc\xf8X1\xfd\xf8M|\xa9\xbd\x1fn'
send: '\x81\x8c\xc8\xb4\xe7|\xb3\x96\x82^\xf2\x96\x97\x13\xa6\xd3\xc5\x01'
send: "\x81\x8c\xefL6\x05\x94nS'\xd5nFj\x81+\x14x"
send: '\x81\x8ck\r\x9fl\x10/\xfaNQ/\xef\x03\x05j\xbd\x11'
send: '\x81\x8c\xee\x9f\xf8\xe8\x95\xbd\x9d\xca\xd4\xbd\x88\x87\x80\xf8\xda\x95'
send: '\x81\x8c\x9d\xd2\xed\xa2\xe6\xf0\x88\x80\xa7\xf0\x9d\xcd\xf3\xb5\xcf\xdf'
send: '\x81\x8c}i\x1f\xb4\x06Kz\x96GKo\xdb\x13\x0e=\xc9'
send: '\x81\x8c\xf7\xee7\xa2\x8c\xccR\x80\xcd\xccG\xcd\x99\x89\x15\xdf'
send: '\x81\x8c\xd3\xbe?\xf8\xa8\x9cZ\xda\xe9\x9cO\x97\xbd\xd9\x1d\x85'
send: '\x81\x8c\xbb]\x08T\xc0\x7fmv\x81\x7fx;\xd5:*)'
send: '\x81\x8ctru\xf5\x0fP\x10\xd7NP\x05\x9a\x1a\x15W\x88'
send: '\x81\x8c\xfd\x12\x1dK\x860xi\xc70m$\x93u?6'
send: '\x81\x8ctA\xf6\x00\x0fc\x93"Nc\x86o\x1a&\xd4}'
send: "\x81\x8c\xa6@\xb1\x81\xddb\xd4\xa3\x9cb\xc1\xee\xc8'\x93\xfc"
send: '\x81\x8c\x19\xea\xea\xcdb\xc8\x8f\xef#\xc8\x9a\xa2w\x8d\xc8\xb0'
send: '\x81\x8c\x15\xc5p\x0bn\xe7\x15)/\xe7\x00d{\xa2Rv'
send: '\x81\x8c\xa5\xab\xfdD\xde\x89\x98f\x9f\x89\x8d+\xcb\xcc\xdf9'
send: '\x81\x8c\xd6\xcfx\xdc\xad\xed\x1d\xfe\xec\xed\x08\xb3\xb8\xa8Z\xa1'
send: '\x81\x8c\x9a1\xa8=\xe1\x13\xcd\x1f\xa0\x13\xd8R\xf4V\x8a@'
send: '\x81\x8c/E\xf2hTg\x97J\x15g\x82\x07A"\xd0\x15'
send: '\x81\x8c\x85W\xa1\xbe\xfeu\xc4\x9c\xbfu\xd1\xd1\xeb0\x83\xc3'
send: "\x81\x8cn\x05 \x82\x15'E\xa0T'P\xed\x00b\x02\xff"
send: '\x81\x8c\xb9\x97] \xc2\xb58\x02\x83\xb5-O\xd7\xf0\x7f]'
send: '\x81\x8c%\x9e\x8e\xed^\xbc\xeb\xcf\x1f\xbc\xfe\x82K\xf9\xac\x90'
send: '\x81\x8c\x08\x80q\xbds\xa2\x14\x9f2\xa2\x01\xd2f\xe7S\xc0'
send: '\x81\x8c\x9er\x01\xee\xe5Pd\xcc\xa4Pq\x81\xf0\x15#\x93'
send: '\x81\x8c\xce\x80\x18\xf8\xb5\xa2}\xda\xf4\xa2h\x97\xa0\xe7:\x85'
send: '\x81\x8cR\xf5\xce\xa6)\xd7\xab\x84h\xd7\xbe\xc9<\x92\xec\xdb'
send: '\x81\x8c\x8ae\x8e\x83\xf1G\xeb\xa1\xb0G\xfe\xec\xe4\x02\xac\xfe'
send: '\x81\x8c8{P\xe5CY5\xc7\x02Y \x8aV\x1cr\x98'
send: '\x81\x8c\rb@\tv@%+7@0fc\x05bt'
send: '\x81\x8cF\xf0\xe0\xae=\xd2\x85\x8c|\xd2\x90\xc1(\x97\xc2\xd3'
send: '\x81\x8c\xc0\x14\xae\xff\xbb6\xcb\xdd\xfa6\xde\x90\xaes\x8c\x82'
send: '\x81\x8c;\x88k\x01@\xaa\x0e#\x01\xaa\x1bnU\xefI|'
send: '\x81\x8ci%\x16\xa1\x12\x07s\x83S\x07f\xce\x07B4\xdc'
send: '\x81\x8c\x08\x9a\xe2\xads\xb8\x87\x8f2\xb8\x92\xc2f\xfd\xc0\xd0'
send: '\x81\x8cT\x8b1k/\xa9TIn\xa9A\x04:\xec\x13\x16'
send: '\x81\x8c\x1f\xa6|td\x84\x19V%\x84\x0c\x1bq\xc1^\t'
send: '\x81\x8c\xa668r\xdd\x14]P\x9c\x14H\x1d\xc8Q\x1a\x0f'
send: '\x81\x8ch\xc5,\x8c\x13\xe7I\xaeR\xe7\\\xe3\x06\xa2\x0e\xf1'
send: '\x81\x8c\xac\xc5\x04\x99\xd7\xe7a\xbb\x96\xe7t\xf6\xc2\xa2&\xe4'
send: "\x81\x8c3\xb0'\xa9H\x92B\x8b\t\x92W\xc6]\xd7\x05\xd4"
send: '\x81\x8c\x9e\xecEV\xe5\xce t\xa4\xce59\xf0\x8bg+'
send: '\x81\x8c\xcd?Y&\xb6\x1d<\x04\xf7\x1d)I\xa3X{['
send: '\x81\x8c\x04r\x97\xc9\x7fP\xf2\xeb>P\xe7\xa6j\x15\xb5\xb4'
send: '\x81\x8c\xd5Son\xaeq\nL\xefq\x1f\x01\xbb4M\x13'
send: '\x81\x8c/sq\xc0TQ\x14\xe2\x15Q\x01\xafA\x14S\xbd'
send: '\x81\x8c\x8bp\x14\xad\xf0Rq\x8f\xb1Rd\xc2\xe5\x176\xd0'
send: '\x81\x8ct\x80y\x99\x0f\xa2\x1c\xbbN\xa2\t\xf6\x1a\xe7[\xe4'
send: "\x81\x8c\xa6\xe4\x05z\xdd\xc6`X\x9c\xc6u\x15\xc8\x83'\x07"
send: '\x81\x8c\xad]\xbc\xb5\xd6\x7f\xd9\x97\x97\x7f\xcc\xda\xc3:\x9e\xc8'
send: '\x81\x8c\xb4\xf9dq\xcf\xdb\x01S\x8e\xdb\x14\x1e\xda\x9eF\x0c'
send: '\x81\x8c\x84\xef\x8a\xa9\xff\xcd\xef\x8b\xbe\xcd\xfa\xc6\xea\x88\xa8\xd4'
send: '\x81\x8c\x83\xa6\xd4\x1c\xf8\x84\xb1>\xb9\x84\xa4s\xed\xc1\xf6a'
send: '\x81\x8c\xa9P~\x86\xd2r\x1b\xa4\x93r\x0e\xe9\xc77\\\xfb'
send: '\x81\x8c\xc4{:\x99\xbfY_\xbb\xfeYJ\xf6\xaa\x1c\x18\xe4'
send: '\x81\x8c\xa8\xcf\xad\x97\xd3\xed\xc8\xb5\x92\xed\xdd\xf8\xc6\xa8\x8f\xea'
send: '\x81\x8cX\x8f\xc10#\xad\xa4\x12b\xad\xb1_6\xe8\xe3M'
send: '\x81\x8c\xea\xd5\xc1\xfd\x91\xf7\xa4\xdf\xd0\xf7\xb1\x92\x84\xb2\xe3\x80'
send: '\x81\x8c\xd9=\xcev\xa2\x1f\xabT\xe3\x1f\xbe\x19\xb7Z\xec\x0b'
send: '\x81\x8c\xda\x8c{f\xa1\xae\x1eD\xe0\xae\x0b\t\xb4\xebY\x1b'
send: '\x81\x8c\x15\x0e\xd7\x8cn,\xb2\xae/,\xa7\xe3{i\xf5\xf1'
send: "\x81\x8c\xaa\x05\xce|\xd1'\xab^\x90'\xbe\x13\xc4b\xec\x01"
send: '\x81\x8c\xec\xa7\xda\xee\x97\x85\xbf\xcc\xd6\x85\xaa\x81\x82\xc0\xf8\x93'
send: '\x81\x8c\x9f\xccFy\xe4\xee#[\xa5\xee6\x16\xf1\xabd\x04'
send: '\x81\x8c?P\xba5Dr\xdf\x17\x05r\xcaZQ7\x98H'
send: '\x81\x8c5\xe7\xaeTN\xc5\xcbv\x0f\xc5\xde;[\x80\x8c)'
send: '\x81\x8c\x8b"\xf3\xbd\xf0\x00\x96\x9f\xb1\x00\x83\xd2\xe5E\xd1\xc0'
send: '\x81\x8c[\xf1N\xdc \xd3+\xfea\xd3>\xb35\x96l\xa1'
send: '\x81\x8crc\x8a \tA\xef\x02HA\xfaO\x1c\x04\xa8]'
send: '\x81\x8c\xdf\xafr`\xa4\x8d\x17B\xe5\x8d\x02\x0f\xb1\xc8P\x1d'
send: '\x81\x8c\x94\xaf\xa2\xc9\xef\x8d\xc7\xeb\xae\x8d\xd2\xa6\xfa\xc8\x80\xb4'
send: '\x81\x8cT\xfe\\o/\xdc9Mn\xdc,\x00:\x99~\x12'
send: '\x81\x8ce\xac\x0c\x97\x1e\x8ei\xb5_\x8e|\xf8\x0b\xcb.\xea'
send: '\x81\x8c\xf4\xe3\xbd\x14\x8f\xc1\xd86\xce\xc1\xcd{\x9a\x84\x9fi'
send: '\x81\x8c$-\x9a\r_\x0f\xff/\x1e\x0f\xeabJJ\xb8p'
send: '\x81\x8c\xde\xbb\x9a+\xa5\x99\xff\t\xe4\x99\xeaD\xb0\xdc\xb8V'
send: '\x81\x8c\xadMA\x8b\xd6o$\xa9\x97o1\xe4\xc3*c\xf6'
send: '\x81\x8c&\xf1\xe6<]\xd3\x83\x1e\x1c\xd3\x96SH\x96\xc4A'
send: '\x81\x8c\xb8u[\xf6\xc3W>\xd4\x82W+\x99\xd6\x12y\x8b'
send: "\x81\x8c\xbd\xca'\xed\xc6\xe8B\xcf\x87\xe8W\x82\xd3\xad\x05\x90"
send: '\x81\x8c\xc7\xef\xcb\xb1\xbc\xcd\xae\x93\xfd\xcd\xbb\xde\xa9\x88\xe9\xcc'
send: '\x81\x8c\xee\xcbk\xac\x95\xe9\x0e\x8e\xd4\xe9\x1b\xc3\x80\xacI\xd1'
send: '\x81\x8c\xdc\x1d>\xe8\xa7?[\xca\xe6?N\x87\xb2z\x1c\x95'
send: '\x81\x8c\x94tF\x89\xefV#\xab\xaeV6\xe6\xfa\x13d\xf4'
send: '\x81\x8c\xaa\n\x81\xbe\xd1(\xe4\x9c\x90(\xf1\xd1\xc4m\xa3\xc3'
send: '\x81\x8cU\xe7\x01C.\xc5dao\xc5q,;\x80#>'
send: '\x81\x8c9\x92Q\x86B\xb04\xa4\x03\xb0!\xe9W\xf5s\xfb'
send: '\x81\x8c\xf0\xa0Q\xbb\x8b\x824\x99\xca\x82!\xd4\x9e\xc7s\xc6'
send: '\x81\x8cT74\x0b/\x15Q)n\x15Dd:P\x16v'
send: '\x81\x8cT\xbfK8/\x9d.\x1an\x9d;W:\xd8iE'
send: '\x81\x8c\xef\xc0uB\x94\xe2\x10`\xd5\xe2\x05-\x81\xa7W?'
send: '\x81\x8c\xe6\xf8d\x10\x9d\xda\x012\xdc\xda\x14\x7f\x88\x9fFm'
send: '\x81\x8c\x0eX\xf1?uz\x94\x1d4z\x81P`?\xd3B'
send: '\x81\x8cY_~e"}\x1bGc}\x0e\n78\\\x18'
send: '\x81\x8c\xfe\xb5u\xfc\x85\x97\x10\xde\xc4\x97\x05\x93\x90\xd2W\x81'
send: '\x81\x8c\x98F\xd2Q\xe3d\xb7s\xa2d\xa2>\xf6!\xf0,'
send: '\x81\x8cJ\xf6\xa3\xd01\xd4\xc6\xf2p\xd4\xd3\xbf$\x91\x81\xad'
send: '\x81\x8c>\x00\xee\xf7E"\x8b\xd5\x04"\x9e\x98Pg\xcc\x8a'
send: '\x81\x8cNA\xa9T5c\xccvtc\xd9; &\x8b)'
send: '\x81\x8c\x07\xcdJ^|\xef/|=\xef:1i\xaah#'
send: '\x81\x8cY\tD\xb5"+!\x97c+4\xda7nf\xc8'
send: '\x81\x8cG\x9fl\xf3<\xbd\t\xd1}\xbd\x1c\x9c)\xf8N\x8e'
send: '\x81\x8c8D\x82\x1dCf\xe7?\x02f\xf2rV#\xa0`'
send: '\x81\x8c\xe2\xba\xfa\xf1\x99\x98\x9f\xd3\xd8\x98\x8a\x9e\x8c\xdd\xd8\x8c'
send: '\x81\x8c\x0eiR;uK7\x194K"T`\x0epF'
send: '\x81\x8c{\x04\xe6\xc2\x00&\x83\xe0A&\x96\xad\x15c\xc4\xbf'
send: '\x81\x8cY]G""\x7f"\x00c\x7f7M7:e_'
send: '\x81\x8c\xc6\x1e%\xb7\xbd<@\x95\xfc<U\xd8\xa8y\x07\xca'
send: '\x81\x8cxt\x8aV\x03V\xeftBV\xfa9\x16\x13\xa8+'
send: '\x81\x8c;W\x86\xc6@u\xe3\xe4\x01u\xf6\xa9U0\xa4\xbb'
send: '\x81\x8c\x98T\x00\xd7\xe3ve\xf5\xa2vp\xb8\xf63"\xaa'
send: '\x81\x8cb\\pj\x19~\x15HX~\x00\x05\x0c;R\x17'
send: '\x81\x8cJ\xfe,\x1b1\xdcI9p\xdc\\t$\x99\x0ef'
send: '\x81\x8c|\x84\x81X\x07\xa6\xe4zF\xa6\xf17\x12\xe3\xa3%'
send: '\x81\x8c\x9e\xf5S\xcb\xe5\xd76\xe9\xa4\xd7#\xa4\xf0\x92q\xb6'
send: '\x81\x8c\x9e\xcaN\x94\xe5\xe8+\xb6\xa4\xe8>\xfb\xf0\xadl\xe9'
send: '\x81\x8c|F\xce\xe7\x07d\xab\xc5Fd\xbe\x88\x12!\xec\x9a'
send: '\x81\x8c\xfd\xd1H\x16\x86\xf3-4\xc7\xf38y\x93\xb6jk'
send: '\x81\x8c\xa1P\xfcv\xdar\x99T\x9br\x8c\x19\xcf7\xde\x0b'
send: '\x81\x8c\xf1I\x857\x8ak\xe0\x15\xcbk\xf5X\x9f.\xa7J'
send: '\x81\x8c\xba\x89\r\xdf\xc1\xabh\xfd\x80\xab}\xb0\xd4\xee/\xa2'
send: '\x81\x8c\xe68r\x04\x9d\x1a\x17&\xdc\x1a\x02k\x88_Py'
send: '\x81\x8c},\xf9)\x06\x0e\x9c\x0bG\x0e\x89F\x13K\xdbT'
send: "\x81\x8c\\\xab\xb4\xca'\x89\xd1\xe8f\x89\xc4\xa52\xcc\x96\xb7"
send: '\x81\x8c/H\x80cTj\xe5A\x15j\xf0\x0cA/\xa2\x1e'
send: '\x81\x8cP\xd1"V+\xf3Gtj\xf3R9>\xb6\x00+'
send: '\x81\x8c\xde\xc9\t\x83\xa5\xebl\xa1\xe4\xeby\xec\xb0\xae+\xfe'
send: '\x81\x8c\xaa\t\x18i\xd1+}K\x90+h\x06\xc4n:\x14'
send: '\x81\x8c\x928\x95\x8e\xe9\x1a\xf0\xac\xa8\x1a\xe5\xe1\xfc_\xb7\xf3'
send: "\x81\x8c\x1dk\xa7yfI\xc2['I\xd7\x16s\x0c\x85\x04"
send: '\x81\x8c<\xd7\x9csG\xf5\xf9Q\x06\xf5\xec\x1cR\xb0\xbe\x0e'
send: '\x81\x8c\xc6\x07\x80o\xbd%\xe5M\xfc%\xf0\x00\xa8`\xa2\x12'
send: '\x81\x8c\xc9q\xc7J\xb2S\xa2h\xf3S\xb7%\xa7\x16\xe57'
send: '\x81\x8c\xef$P\xd2\x94\x065\xf0\xd5\x06 \xbd\x81Cr\xaf'
send: "\x81\x8c;\xa5\x05\xb3@\x87`\x91\x01\x87u\xdcU\xc2'\xce"
send: '\x81\x8c<\xde\x1b9G\xfc~\x1b\x06\xfckVR\xb99D'
send: '\x81\x8c\xd5b\xe6\x99\xae@\x83\xbb\xef@\x96\xf6\xbb\x05\xc4\xe4'
send: '\x81\x8c\xad$Q\xf0\xd6\x064\xd2\x97\x06!\x9f\xc3Cs\x8d'
send: '\x81\x8cW\xf5I\x11,\xd7,3m\xd79~9\x92kl'
send: '\x81\x8cN,7c5\x0eRAt\x0eG\x0c K\x15\x1e'
send: '\x81\x8c\x9d\t\x83\x0b\xe6+\xe6)\xa7+\xf3d\xf3n\xa1v'
send: '\x81\x8c\xb26C>\xc9\x14&\x1c\x88\x143Q\xdcQaC'
send: '\x81\x8c,\x00C\xadW"&\x8f\x16"3\xc2Bga\xd0'
send: '\x81\x8c\xdc\xe7/\xb0\xa7\xc5J\x92\xe6\xc5_\xdf\xb2\x80\r\xcd'
send: '\x81\x8c#\x10u}X2\x10_\x192\x05\x12MwW\x00'
send: '\x81\x8cU$\x03>.\x06f\x1co\x06sQ;C!C'
send: '\x81\x8c\x07z\xe7\xfb|X\x82\xd9=X\x97\x94i\x1d\xc5\x86'
send: '\x81\x8ck\xec\xbe\x08\x10\xce\xdb*Q\xce\xceg\x05\x8b\x9cu'
send: '\x81\x8c\x06B@*}`%\x08<`0Eh%bW'
send: '\x81\x8cw~A\xa7\x0c\\$\x85M\\1\xc8\x19\x19c\xda'
send: '\x81\x8c\x9a\xdb\x94\xc4\xe1\xf9\xf1\xe6\xa0\xf9\xe4\xab\xf4\xbc\xb6\xb9'
send: '\x81\x8cq?H\x16\n\x1d-4K\x1d8y\x1fXjk'
send: '\x81\x8crj\xa5.\tH\xc0\x0cHH\xd5A\x1c\r\x87S'
send: '\x81\x8c\xfe\x907\x06\x85\xb2R$\xc4\xb2Gi\x90\xf7\x15{'
send: '\x81\x8c)a{<RC\x1e\x1e\x13C\x0bSG\x06YA'
send: '\x81\x8c\xcb\xee`C\xb0\xcc\x05a\xf1\xcc\x10,\xa5\x89B>'
send: '\x81\x8c\xbd\xd98\x08\xc6\xfb]*\x87\xfbHg\xd3\xbe\x1au'
send: '\x81\x8cR\xb3\x1eI)\x91{kh\x91n&<\xd4<4'
send: '\x81\x8c\xd5\x95\xd8\xf9\xae\xb7\xbd\xdb\xef\xb7\xa8\x96\xbb\xf2\xfa\x84'
send: '\x81\x8c.\xe1\xe2\xaaU\xc3\x87\x88\x14\xc3\x92\xc5@\x86\xc0\xd7'
send: '\x81\x8c\x96\x1e@\x9d\xed<%\xbf\xac<0\xf2\xf8yb\xe0'
send: '\x81\x8c\x1f\xe8\xc7kd\xca\xa2I%\xca\xb7\x04q\x8f\xe5\x16'
send: '\x81\x8c:\xa0\x1e;A\x82{\x19\x00\x82nTT\xc7<F'
send: '\x81\x8c\xd79\xf6\xa8\xac\x1b\x93\x8a\xed\x1b\x86\xc7\xb9^\xd4\xd5'
send: '\x81\x8cz:z\xe7\x01\x18\x1f\xc5@\x18\n\x88\x14]X\x9a'
send: '\x81\x8c\x1b)sW`\x0b\x16u!\x0b\x038uNQ*'
send: '\x81\x8c\x9d\xeb\x88g\xe6\xc9\xedE\xa7\xc9\xf8\x08\xf3\x8c\xaa\x1a'
send: '\x81\x8c\x81\xe2\xab-\xfa\xc0\xce\x0f\xbb\xc0\xdbB\xef\x85\x89P'
send: '\x81\x8c6\xbe\xbe\x80M\x9c\xdb\xa2\x0c\x9c\xce\xefX\xd9\x9c\xfd'
send: '\x81\x8c\n\xd6\xff\x9cq\xf4\x9a\xbe0\xf4\x8f\xf3d\xb1\xdd\xe1'
send: '\x81\x8c\xa7\xf5\x10O\xdc\xd7um\x9d\xd7` \xc9\x9222'
send: '\x81\x8czW\xcc`\x01u\xa9B@u\xbc\x0f\x140\xee\x1d'
send: '\x81\x8cX\x85\x80p#\xa7\xe5Rb\xa7\xf0\x1f6\xe2\xa2\r'
send: '\x81\x8c\xca\xe3\xf5\xba\xb1\xc1\x90\x98\xf0\xc1\x85\xd5\xa4\x84\xd7\xc7'
send: '\x81\x8cZO\xb2\xca!m\xd7\xe8`m\xc2\xa54(\x90\xb7'
send: '\x81\x8c\x909j\xdb\xeb\x1b\x0f\xf9\xaa\x1b\x1a\xb4\xfe^H\xa6'
send: "\x81\x8cG@\xa5\xd0<b\xc0\xf2}b\xd5\xbf)'\x87\xad"
send: '\x81\x8c\xc0O\x9ed\xbbm\xfbF\xfam\xee\x0b\xae(\xbc\x19'
send: '\x81\x8c+\xe9.\x1eP\xcbK<\x11\xcb^qE\x8e\x0cc'
send: '\x81\x8cP\x831\xea+\xa1T\xc8j\xa1A\x85>\xe4\x13\x97'
send: '\x81\x8c[\x9a\xd4= \xb8\xb1\x1fa\xb8\xa4R5\xfd\xf6@'
send: '\x81\x8c\xd7\xa4\xc9E\xac\x86\xacg\xed\x86\xb9*\xb9\xc3\xeb8'
send: '\x81\x8c\xa4\x19(\x94\xdf;M\xb6\x9e;X\xfb\xca~\n\xe9'
send: '\x81\x8c\x89\x01\xe8!\xf2#\x8d\x03\xb3#\x98N\xe7f\xca\\'
send: '\x81\x8c\xeb\x1a\x13\x89\x908v\xab\xd18c\xe6\x85}1\xf4'
send: '\x81\x8c\xed\xf8\xa7\xc8\x96\xda\xc2\xea\xd7\xda\xd7\xa7\x83\x9f\x85\xb5'
send: '\x81\x8c\xa9s}\x08\xd2Q\x18*\x93Q\rg\xc7\x14_u'
send: '\x81\x8c\xe4\xd8\xcf\xdf\x9f\xfa\xaa\xfd\xde\xfa\xbf\xb0\x8a\xbf\xed\xa2'
send: "\x81\x8c\xbb\xa1B\xab\xc0\x83'\x89\x81\x832\xc4\xd5\xc6`\xd6"
send: '\x81\x8c\xde,\xf9o\xa5\x0e\x9cM\xe4\x0e\x89\x00\xb0K\xdb\x12'
send: '\x81\x8c\xa5\xbc\x0fb\xde\x9ej@\x9f\x9e\x7f\r\xcb\xdb-\x1f'
send: '\x81\x8cOJ\x02#4hg\x01uhrL!- ^'
send: '\x81\x8c\x10\x08&\xdck*C\xfe**V\xb3~o\x04\xa1'
send: '\x81\x8cao8\xf6\x1aM]\xd4[MH\x99\x0f\x08\x1a\x8b'
send: '\x81\x8c\x13\x9f\x1eCh\xbd{a)\xbdn,}\xf8<>'
send: '\x81\x8c_\x943\x18$\xb6V:e\xb6Cw1\xf3\x11e'
send: '\x81\x8cX\xd8zs#\xfa\x1fQb\xfa\n\x1c6\xbfX\x0e'
send: '\x81\x8c\xd0\xf0H\x9a\xab\xd2-\xb8\xea\xd28\xf5\xbe\x97j\xe7'
send: "\x81\x8c'\x8c\x1e\xec\\\xae{\xce\x1d\xaen\x83I\xeb<\x91"
send: '\x81\x8c\x98\xb2\x93\xd6\xe3\x90\xf6\xf4\xa2\x90\xe3\xb9\xf6\xd5\xb1\xab'
send: '\x81\x8c\x88\xc7hl\xf3\xe5\rN\xb2\xe5\x18\x03\xe6\xa0J\x11'
send: '\x81\x8c9$\xb6\xc0B\x06\xd3\xe2\x03\x06\xc6\xafWC\x94\xbd'
send: '\x81\x8c\xae\xa4\xba\x93\xd5\x86\xdf\xb1\x94\x86\xca\xfc\xc0\xc3\x98\xee'
send: '\x81\x8c\x8f\xedtM\xf4\xcf\x11o\xb5\xcf\x04"\xe1\x8aV0'
send: '\x81\x8c\xf7\x1e\x93~\x8c<\xf6\\\xcd<\xe3\x11\x99y\xb1\x03'
send: '\x81\x8cS\xd8"\xb2(\xfaG\x90i\xfaR\xdd=\xbf\x00\xcf'
send: '\x81\x8ch\x15n\xa3\x137\x0b\x81R7\x1e\xcc\x06rL\xde'
send: '\x81\x8c\xe6Pw\xae\x9dr\x12\x8c\xdcr\x07\xc1\x887U\xd3'
send: '\x81\x8c\xabS\xdaK\xd0q\xbfi\x91q\xaa$\xc54\xf86'
send: '\x81\x8c\xc7\xd6#\x12\xbc\xf4F0\xfd\xf4S}\xa9\xb1\x01o'
send: '\x81\x8c\x07\xb3@z|\x91%X=\x910\x15i\xd4b\x07'
send: '\x81\x8c\xe6T\x16\xe9\x9dvs\xcb\xdcvf\x86\x8834\x94'
send: '\x81\x8c\x02\xf7\xb4qy\xd5\xd1S8\xd5\xc4\x1el\x90\x96\x0c'
send: '\x81\x8c\xb4\xb8\xaa\xbe\xcf\x9a\xcf\x9c\x8e\x9a\xda\xd1\xda\xdf\x88\xc3'
send: '\x81\x8c\x10\xa8\xaehk\x8a\xcbJ*\x8a\xde\x07~\xcf\x8c\x15'
send: '\x81\x8c\xc8L\xae\xcd\xb3n\xcb\xef\xf2n\xde\xa2\xa6+\x8c\xb0'
send: '\x81\x8c/\x88\xfcjT\xaa\x99H\x15\xaa\x8c\x05A\xef\xde\x17'
send: '\x81\x8cSXz\x82(z\x1f\xa0iz\n\xed=?X\xff'
send: '\x81\x8c)\xcf\x8d\x84R\xed\xe8\xa6\x13\xed\xfd\xebG\xa8\xaf\xf9'
send: '\x81\x8c\xb6\x0e\x1b\xb3\xcd,~\x91\x8c,k\xdc\xd8i9\xce'
send: '\x81\x8c\xf0\xe8@j\x8b\xca%H\xca\xca0\x05\x9e\x8fb\x17'
send: '\x81\x8c"N\xe1\xcaYl\x84\xe8\x18l\x91\xa5L)\xc3\xb7'
send: '\x81\x8c\xa2\xba\xff\xa4\xd9\x98\x9a\x86\x98\x98\x8f\xcb\xcc\xdd\xdd\xd9'
send: '\x81\x8caY\xf7\x15\x1a{\x927[{\x87z\x0f>\xd5h'
send: '\x81\x8c;G|l@e\x19N\x01e\x0c\x03U ^\x11'
send: '\x81\x8c\x0b\xe9h\xf8p\xcb\r\xda1\xcb\x18\x97e\x8eJ\x85'
send: "\x81\x8ci@\x02\x96\x12bg\xb4Sbr\xf9\x07' \xeb"
send: '\x81\x8c\xd8$G\xdc\xa3\x06"\xfe\xe2\x067\xb3\xb6Ce\xa1'
send: "\x81\x8c\xae\xe0\xc1H\xd5\xc2\xa4j\x94\xc2\xb1'\xc0\x87\xe35"
send: '\x81\x8c\xd8\xaf}\x12\xa3\x8d\x180\xe2\x8d\r}\xb6\xc8_o'
send: '\x81\x8c\xf6\x88\x82\x8f\x8d\xaa\xe7\xad\xcc\xaa\xf2\xe0\x98\xef\xa0\xf2'
send: '\x81\x8c\x07\xf4\xd8\x9a|\xd6\xbd\xb8=\xd6\xa8\xf5i\x93\xfa\xe7'
send: '\x81\x8c\x15`wJnB\x12h/B\x07%{\x07U7'
send: '\x81\x8c\xf3*\x1a\x92\x88\x08\x7f\xb0\xc9\x08j\xfd\x9dM8\xef'
send: '\x81\x8c\xc1\xfa\xa0\x98\xba\xd8\xc5\xba\xfb\xd8\xd0\xf7\xaf\x9d\x82\xe5'
send: '\x81\x8c\xffg\x8b\xa5\x84E\xee\x87\xc5E\xfb\xca\x91\x00\xa9\xd8'
send: '\x81\x8c\xdf\x13lv\xa41\tT\xe51\x1c\x19\xb1tN\x0b'
send: '\x81\x8c\xef\xf6\x9eN\x94\xd4\xfbl\xd5\xd4\xee!\x81\x91\xbc3'
send: '\x81\x8c\xf0\x13A1\x8b1$\x13\xca11^\x9etcL'
send: '\x81\x8c\x90<?\xac\xeb\x1eZ\x8e\xaa\x1eO\xc3\xfe[\x1d\xd1'
send: '\x81\x8c.GL.Ue)\x0c\x14e<A@ nS'
send: '\x81\x8crH\xd5\x92\tj\xb0\xb0Hj\xa5\xfd\x1c/\xf7\xef'
send: '\x81\x8c]rp\x7f&P\x15]gP\x00\x103\x15R\x02'
send: '\x81\x8c\xf6\xac\xb0e\x8d\x8e\xd5G\xcc\x8e\xc0\n\x98\xcb\x92\x18'
send: '\x81\x8cd%\xe5Y\x1f\x07\x80{^\x07\x956\nB\xc7$'
send: '\x81\x8c\xe4\x14\xf9\xdb\x9f6\x9c\xf9\xde6\x89\xb4\x8as\xdb\xa6'
send: '\x81\x8c\xc0\xd2=\xdd\xbb\xf0X\xff\xfa\xf0M\xb2\xae\xb5\x1f\xa0'
send: '\x81\x8cT\x10Pv/25Tn2 \x19:wr\x0b'
send: '\x81\x8c\xba\xf5a7\xc1\xd7\x04\x15\x80\xd7\x11X\xd4\x92CJ'
send: "\x81\x8c\x8f`W\xbe\xf4B2\x9c\xb5B'\xd1\xe1\x07u\xc3"
send: '\x81\x8cd\x8c\xf4T\x1f\xae\x91v^\xae\x84;\n\xeb\xd6)'
send: '\x81\x8cUv\xea\xa4.T\x8f\x86oT\x9a\xcb;\x11\xc8\xd9'
send: '\x81\x8c\xddS\xb4\x03\xa6q\xd1!\xe7q\xc4l\xb34\x96~'
send: "\x81\x8c\x8c\xf1W\xf1\xf7\xd32\xd3\xb6\xd3'\x9e\xe2\x96u\x8c"
send: "\x81\x8c\x0c\x05\x81\xfaw'\xe4\xd86'\xf1\x95bb\xa3\x87"
send: '\x81\x8cL/H87\r-\x1av\r8W"HjE'
send: '\x81\x8c\x1c\x96\xf2hg\xb4\x97J&\xb4\x82\x07r\xf1\xd0\x15'
send: '\x81\x8c1\xb1\xdf\x96J\x93\xba\xb4\x0b\x93\xaf\xf9_\xd6\xfd\xeb'
send: "\x81\x8c\xa5SC'\xdeq&\x05\x9fq3H\xcb4aZ"
send: '\x81\x8c\x9f\xe7jA\xe4\xc5\x0fc\xa5\xc5\x1a.\xf1\x80H<'
send: '\x81\x8c\xdf\x9a\xfd\xe9\xa4\xb8\x98\xcb\xe5\xb8\x8d\x86\xb1\xfd\xdf\x94'
send: '\x81\x8c{z\xf3\xaf\x00X\x96\x8dAX\x83\xc0\x15\x1d\xd1\xd2'
send: '\x81\x8c|\x8f\x124\x07\xadw\x16F\xadb[\x12\xe80I'
send: '\x81\x8c\x90\xd2\xd9}\xeb\xf0\xbc_\xaa\xf0\xa9\x12\xfe\xb5\xfb\x00'
send: '\x81\x8c\xfc\x99!B\x87\xbbD`\xc6\xbbQ-\x92\xfe\x03?'
send: '\x81\x8c4^\xd3\x91O|\xb6\xb3\x0e|\xa3\xfeZ9\xf1\xec'
send: '\x81\x8c\xbc)\xe8g\xc7\x0b\x8dE\x86\x0b\x98\x08\xd2N\xca\x1a'
send: '\x81\x8c~#`\xed\x05\x01\x05\xcfD\x01\x10\x82\x10DB\x90'
send: '\x81\x8c\xc4\x99\xe5M\xbf\xbb\x80o\xfe\xbb\x95"\xaa\xfe\xc70'
send: '\x81\x8c\xde\xa5\x90\x8f\xa5\x87\xf5\xad\xe4\x87\xe0\xe0\xb0\xc2\xb2\xf2'
send: '\x81\x8cw\xcb\xd0\xc0\x0c\xe9\xb5\xe2M\xe9\xa0\xaf\x19\xac\xf2\xbd'
send: '\x81\x8c{\xe8tQ\x00\xca\x11sA\xca\x04>\x15\x8fV,'
send: '\x81\x8c8\x8b\x83\x84C\xa9\xe6\xa6\x02\xa9\xf3\xebV\xec\xa1\xf9'
send: '\x81\x8c\x84\x1e\x95\\\xff<\xf0~\xbe<\xe53\xeay\xb7!'
send: '\x81\x8cE\x8f\xd3\xb2>\xad\xb6\x90\x7f\xad\xa3\xdd+\xe8\xf1\xcf'
send: "\x81\x8cI\xfb\x19 2\xd9|\x02s\xd9iO'\x9c;]"
send: '\x81\x8c\x04~\xf7\xb2\x7f\\\x92\x90>\\\x87\xddj\x19\xd5\xcf'
send: "\x81\x8c`\x05\xb9\xd7\x1b'\xdc\xf5Z'\xc9\xb8\x0eb\x9b\xaa"
send: '\x81\x8c\xcb\xd4\xb6\xc3\xb0\xf6\xd3\xe1\xf1\xf6\xc6\xac\xa5\xb3\x94\xbe'
send: '\x81\x8cZy@\xde![%\xfc`[0\xb14\x1eb\xa3'
send: "\x81\x8cId\xd1\xde2F\xb4\xfcsF\xa1\xb1'\x03\xf3\xa3"
send: '\x81\x8c\xe4?\xb1\xe5\x9f\x1d\xd4\xc7\xde\x1d\xc1\x8a\x8aX\x93\x98'
send: '\x81\x8c\x82\x84u\xcd\xf9\xa6\x10\xef\xb8\xa6\x05\xa2\xec\xe3W\xb0'
send: '\x81\x8c8\x8a\xd4\xb3C\xa8\xb1\x91\x02\xa8\xa4\xdcV\xed\xf6\xce'
send: '\x81\x8c1\x02a:J \x04\x18\x0b \x11U_eCG'
send: '\x81\x8ce:\x8f\xf6\x1e\x18\xea\xd4_\x18\xff\x99\x0b]\xad\x8b'
send: '\x81\x8c\x10\xb2\xe4\x8dk\x90\x81\xaf*\x90\x94\xe2~\xd5\xc6\xf0'
send: '\x81\x8c\x1f\xb36\x1dd\x91S?%\x91Frq\xd4\x14`'
send: '\x81\x8c\xf0_\xaa\xa1\x8b}\xcf\x83\xca}\xda\xce\x9e8\x88\xdc'
send: '\x81\x8c\x13\x03\x8e\x7fh!\xeb])!\xfe\x10}d\xac\x02'
send: '\x81\x8c\xb2\xd8\xd6\x1d\xc9\xfa\xb3?\x88\xfa\xa6r\xdc\xbf\xf4`'
send: '\x81\x8c\xee\xdc\x14r\x95\xfeqP\xd4\xfed\x1d\x80\xbb6\x0f'
send: '\x81\x8c\xc9\xd4\xd0\t\xb2\xf6\xb5+\xf3\xf6\xa0f\xa7\xb3\xf2t'
send: "\x81\x8c\t\xef\xef\x05r\xcd\x8a'3\xcd\x9fjg\x88\xcdx"
send: '\x81\x8c\xef\xabg\x01\x94\x89\x02#\xd5\x89\x17n\x81\xccE|'
send: '\x81\x8cj\xe2 \x02\x11\xc0E P\xc0Pm\x04\x85\x02\x7f'
send: '\x81\x8cD\xf6\x90}?\xd4\xf5_~\xd4\xe0\x12*\x91\xb2\x00'
send: '\x81\x8c\x82S,\x9a\xf9qI\xb8\xb8q\\\xf5\xec4\x0e\xe7'
send: '\x81\x8c\xea]y\x15\x91\x7f\x1c7\xd0\x7f\tz\x84:[h'
send: '\x81\x8c,\xb1\xaf0W\x93\xca\x12\x16\x93\xdf_B\xd6\x8dM'
send: '\x81\x8c\xd3d\xe80\xa8F\x8d\x12\xe9F\x98_\xbd\x03\xcaM'
send: '\x81\x8c\xb7\xc3\xe2\xc5\xcc\xe1\x87\xe7\x8d\xe1\x92\xaa\xd9\xa4\xc0\xb8'
send: '\x81\x8cH\x85\xef\xa83\xa7\x8a\x8ar\xa7\x9f\xc7&\xe2\xcd\xd5'
send: '\x81\x8c\xdc?\xb4\xe2\xa7\x1d\xd1\xc0\xe6\x1d\xc4\x8d\xb2X\x96\x9f'
send: '\x81\x8c\xbc\xc4\xfdM\xc7\xe6\x98o\x86\xe6\x8d"\xd2\xa3\xdf0'
send: '\x81\x8c}\xc9\x02\xcc\x06\xebg\xeeG\xebr\xa3\x13\xae \xb1'
send: '\x81\x8cdi\xbb\xe2\x1fK\xde\xc0^K\xcb\x8d\n\x0e\x99\x9f'
send: '\x81\x8c\xca8\xeau\xb1\x1a\x8fW\xf0\x1a\x9a\x1a\xa4_\xc8\x08'
send: '\x81\x8c0\xf1\x13hK\xd3vJ\n\xd3c\x07^\x961\x15'
send: '\x81\x8c\xc6\xf0\x80k\xbd\xd2\xe5I\xfc\xd2\xf0\x04\xa8\x97\xa2\x16'
send: '\x81\x8c\xe2\xfc\xc0\xb4\x99\xde\xa5\x96\xd8\xde\xb0\xdb\x8c\x9b\xe2\xc9'
send: '\x81\x8cPX\x02l+zgNjzr\x03>? \x11'
send: "\x81\x8c\xc1.YZ\xba\x0c<x\xfb\x0c)5\xafI{'"
send: '\x81\x8c:=\xbd\xabA\x1f\xd8\x89\x00\x1f\xcd\xc4TZ\x9f\xd6'
{u'e': u'connected'}
{u'data': {u'ok': u'ok'}, u'e': u'auth', u'ok': u'ok'}
Connection is already closed.
### closed ###
